Command:
--------

_ommain nci_server.so 15 

[mpiexec@c2p000024556] HYD_sock_write (../../../../../src/pm/i_hydra/libhydra/sock/hydra_sock_intel.c:360): write error (Bad file descriptor)
[mpiexec@c2p000024556] cmd_bcast_root (../../../../../src/pm/i_hydra/mpiexec/mpiexec.c:171): error sending cmd 15 to proxy
[mpiexec@c2p000024556] send_abort_rank_downstream (../../../../../src/pm/i_hydra/mpiexec/intel/i_mpiexec.c:551): unable to send response downstream
[mpiexec@c2p000024556] control_cb (../../../../../src/pm/i_hydra/mpiexec/mpiexec.c:1627): unable to send abort rank to downstreams
[mpiexec@c2p000024556] HYDI_dmx_poll_wait_for_event (../../../../../src/pm/i_hydra/libhydra/demux/hydra_demux_poll.c:80): callback returned error status
[mpiexec@c2p000024556] main (../../../../../src/pm/i_hydra/mpiexec/mpiexec.c:2037): error waiting for event
GcsFile discard SIGPIPE signal
GcsFile discard SIGPIPE signal
GcsFile discard SIGPIPE signal
GcsFile discard SIGPIPE signal
GcsFile discard SIGPIPE signal
GcsFile discard SIGPIPE signal
GcsFile discard SIGPIPE signal
GcsFile discard SIGPIPE signal
GcsFile discard SIGPIPE signal
GcsFile discard SIGPIPE signal
GcsFile discard SIGPIPE signal
GcsFile discard SIGPIPE signal
GcsFile discard SIGPIPE signal
GcsFile discard SIGPIPE signal
GcsFile discard SIGPIPE signal
GcsFile discard SIGPIPE signal
GcsFile discard SIGPIPE signal
GcsFile discard SIGPIPE signal
GcsFile discard SIGPIPE signal
GcsFile discard SIGPIPE signal
GcsFile discard SIGPIPE signal
GcsFile discard SIGPIPE signal
GcsFile discard SIGPIPE signal
GcsFile discard SIGPIPE signal
GcsFile discard SIGPIPE signal
GcsFile discard SIGPIPE signal
GcsFile discard SIGPIPE signal
GcsFile discard SIGPIPE signal
GcsFile discard SIGPIPE signal
GcsFile discard SIGPIPE signal
GcsFile discard SIGPIPE signal
GcsFile discard SIGPIPE signal
GcsFile discard SIGPIPE signal
GcsFile discard SIGPIPE signal
GcsFile discard SIGPIPE signal
GcsFile discard SIGPIPE signal
GcsFile discard SIGPIPE signal
GcsFile discard SIGPIPE signal
GcsFile discard SIGPIPE signal
GcsFile discard SIGPIPE signal
GcsFile discard SIGPIPE signal
GcsFile discard SIGPIPE signal
GcsFile discard SIGPIPE signal
GcsFile discard SIGPIPE signal
GcsFile discard SIGPIPE signal
GcsFile discard SIGPIPE signal
GcsFile discard SIGPIPE signal
GcsFile discard SIGPIPE signal
GcsFile discard SIGPIPE signal
GcsFile discard SIGPIPE signal
GcsFile discard SIGPIPE signal
GcsFile discard SIGPIPE signal
GcsFile discard SIGPIPE signal
GcsFile discard SIGPIPE signal
GcsFile discard SIGPIPE signal
GcsFile discard SIGPIPE signal
GcsFile discard SIGPIPE signal
GcsFile discard SIGPIPE signal
GcsFile discard SIGPIPE signal
GcsFile discard SIGPIPE signal
GcsFile discard SIGPIPE signal
GcsFile discard SIGPIPE signal
GcsFile discard SIGPIPE signal
GcsFile discard SIGPIPE signal
GcsFile discard SIGPIPE signal
GcsFile discard SIGPIPE signal
GcsFile discard SIGPIPE signal
GcsFile discard SIGPIPE signal
GcsFile discard SIGPIPE signal
GcsFile discard SIGPIPE signal
GcsFile discard SIGPIPE signal
GcsFile discard SIGPIPE signal
GcsFile discard SIGPIPE signal
GcsFile discard SIGPIPE signal
GcsFile discard SIGPIPE signal
GcsFile discard SIGPIPE signal
GcsFile discard SIGPIPE signal
GcsFile discard SIGPIPE signal
GcsFile discard SIGPIPE signal
GcsFile discard SIGPIPE signal
GcsFile discard SIGPIPE signal
GcsFile discard SIGPIPE signal
GcsFile discard SIGPIPE signal
GcsFile discard SIGPIPE signal
GcsFile discard SIGPIPE signal
GcsFile discard SIGPIPE signal
GcsFile discard SIGPIPE signal
GcsFile discard SIGPIPE signal
GcsFile discard SIGPIPE signal
GcsFile discard SIGPIPE signal
GcsFile discard SIGPIPE signal
GcsFile discard SIGPIPE signal
GcsFile discard SIGPIPE signal
GcsFile discard SIGPIPE signal
GcsFile discard SIGPIPE signal
GcsFile discard SIGPIPE signal
GcsFile discard SIGPIPE signal
GcsFile discard SIGPIPE signal
GcsFile discard SIGPIPE signal
GcsFile discard SIGPIPE signal
GcsFile discard SIGPIPE signal
GcsFile discard SIGPIPE signal
GcsFile discard SIGPIPE signal
GcsFile discard SIGPIPE signal
GcsFile discard SIGPIPE signal
GcsFile discard SIGPIPE signal
GcsFile discard SIGPIPE signal
GcsFile discard SIGPIPE signal
GcsFile discard SIGPIPE signal
GcsFile discard SIGPIPE signal
GcsFile discard SIGPIPE signal
GcsFile discard SIGPIPE signal
GcsFile discard SIGPIPE signal
GcsFile discard SIGPIPE signal
GcsFile discard SIGPIPE signal
GcsFile discard SIGPIPE signal
GcsFile discard SIGPIPE signal
GcsFile discard SIGPIPE signal
GcsFile discard SIGPIPE signal
GcsFile discard SIGPIPE signal
GcsFile discard SIGPIPE signal
GcsFile discard SIGPIPE signal
GcsFile discard SIGPIPE signal
GcsFile discard SIGPIPE signal
GcsFile discard SIGPIPE signal
GcsFile discard SIGPIPE signal
GcsFile discard SIGPIPE signal
GcsFile discard SIGPIPE signal
GcsFile discard SIGPIPE signal
GcsFile discard SIGPIPE signal
GcsFile discard SIGPIPE signal
GcsFile discard SIGPIPE signal
GcsFile discard SIGPIPE signal
GcsFile discard SIGPIPE signal
GcsFile discard SIGPIPE signal
GcsFile discard SIGPIPE signal
GcsFile discard SIGPIPE signal
GcsFile discard SIGPIPE signal
GcsFile discard SIGPIPE signal
GcsFile discard SIGPIPE signal
GcsFile discard SIGPIPE signal
GcsFile discard SIGPIPE signal
GcsFile discard SIGPIPE signal
GcsFile discard SIGPIPE signal
GcsFile discard SIGPIPE signal
GcsFile discard SIGPIPE signal
GcsFile discard SIGPIPE signal
GcsFile discard SIGPIPE signal
GcsFile discard SIGPIPE signal
GcsFile discard SIGPIPE signal
GcsFile discard SIGPIPE signal
GcsFile discard SIGPIPE signal
GcsFile discard SIGPIPE signal
GcsFile discard SIGPIPE signal
GcsFile discard SIGPIPE signal
GcsFile discard SIGPIPE signal
GcsFile discard SIGPIPE signal
GcsFile discard SIGPIPE signal
GcsFile discard SIGPIPE signal
GcsFile discard SIGPIPE signal
GcsFile discard SIGPIPE signal
GcsFile discard SIGPIPE signal
GcsFile discard SIGPIPE signal
GcsFile discard SIGPIPE signal
GcsFile discard SIGPIPE signal
GcsFile discard SIGPIPE signal
GcsFile discard SIGPIPE signal
GcsFile discard SIGPIPE signal
GcsFile discard SIGPIPE signal
GcsFile discard SIGPIPE signal
GcsFile discard SIGPIPE signal
GcsFile discard SIGPIPE signal
GcsFile discard SIGPIPE signal
GcsFile discard SIGPIPE signal
GcsFile discard SIGPIPE signal
GcsFile discard SIGPIPE signal
GcsFile discard SIGPIPE signal
GcsFile discard SIGPIPE signal
GcsFile discard SIGPIPE signal
GcsFile discard SIGPIPE signal
GcsFile discard SIGPIPE signal
GcsFile discard SIGPIPE signal
GcsFile discard SIGPIPE signal
GcsFile discard SIGPIPE signal
GcsFile discard SIGPIPE signal
GcsFile discard SIGPIPE signal
GcsFile discard SIGPIPE signal
GcsFile discard SIGPIPE signal
GcsFile discard SIGPIPE signal
GcsFile discard SIGPIPE signal
GcsFile discard SIGPIPE signal
GcsFile discard SIGPIPE signal
GcsFile discard SIGPIPE signal
GcsFile discard SIGPIPE signal
GcsFile discard SIGPIPE signal
GcsFile discard SIGPIPE signal
GcsFile discard SIGPIPE signal
GcsFile discard SIGPIPE signal
GcsFile discard SIGPIPE signal
GcsFile discard SIGPIPE signal
GcsFile discard SIGPIPE signal
GcsFile discard SIGPIPE signal
GcsFile discard SIGPIPE signal
GcsFile discard SIGPIPE signal
GcsFile discard SIGPIPE signal
GcsFile discard SIGPIPE signal
GcsFile discard SIGPIPE signal
GcsFile discard SIGPIPE signal
GcsFile discard SIGPIPE signal
GcsFile discard SIGPIPE signal
GcsFile discard SIGPIPE signal
GcsFile discard SIGPIPE signal
GcsFile discard SIGPIPE signal
GcsFile discard SIGPIPE signal
GcsFile discard SIGPIPE signal
GcsFile discard SIGPIPE signal
GcsFile discard SIGPIPE signal
GcsFile discard SIGPIPE signal
GcsFile discard SIGPIPE signal
GcsFile discard SIGPIPE signal
GcsFile discard SIGPIPE signal
GcsFile discard SIGPIPE signal
GcsFile discard SIGPIPE signal
GcsFile discard SIGPIPE signal
GcsFile discard SIGPIPE signal
GcsFile discard SIGPIPE signal
GcsFile discard SIGPIPE signal
GcsFile discard SIGPIPE signal
GcsFile discard SIGPIPE signal
GcsFile discard SIGPIPE signal
GcsFile discard SIGPIPE signal
GcsFile discard SIGPIPE signal
GcsFile discard SIGPIPE signal
GcsFile discard SIGPIPE signal
GcsFile discard SIGPIPE signal
GcsFile discard SIGPIPE signal
GcsFile discard SIGPIPE signal
GcsFile discard SIGPIPE signal
GcsFile discard SIGPIPE signal
GcsFile discard SIGPIPE signal
GcsFile discard SIGPIPE signal
GcsFile discard SIGPIPE signal
GcsFile discard SIGPIPE signal
GcsFile discard SIGPIPE signal
GcsFile discard SIGPIPE signal
GcsFile discard SIGPIPE signal
GcsFile discard SIGPIPE signal
GcsFile discard SIGPIPE signal
GcsFile discard SIGPIPE signal
GcsFile discard SIGPIPE signal
GcsFile discard SIGPIPE signal
GcsFile discard SIGPIPE signal
GcsFile discard SIGPIPE signal
GcsFile discard SIGPIPE signal
GcsFile discard SIGPIPE signal
GcsFile discard SIGPIPE signal
GcsFile discard SIGPIPE signal
GcsFile discard SIGPIPE signal
GcsFile discard SIGPIPE signal
GcsFile discard SIGPIPE signal
GcsFile discard SIGPIPE signal
GcsFile discard SIGPIPE signal
GcsFile discard SIGPIPE signal
GcsFile discard SIGPIPE signal
GcsFile discard SIGPIPE signal
GcsFile discard SIGPIPE signal
GcsFile discard SIGPIPE signal
GcsFile discard SIGPIPE signal
GcsFile discard SIGPIPE signal
GcsFile discard SIGPIPE signal
GcsFile discard SIGPIPE signal
GcsFile discard SIGPIPE signal
GcsFile discard SIGPIPE signal
GcsFile discard SIGPIPE signal
GcsFile discard SIGPIPE signal
GcsFile discard SIGPIPE signal
GcsFile discard SIGPIPE signal
GcsFile discard SIGPIPE signal
GcsFile discard SIGPIPE signal
GcsFile discard SIGPIPE signal
GcsFile discard SIGPIPE signal
GcsFile discard SIGPIPE signal
GcsFile discard SIGPIPE signal
GcsFile discard SIGPIPE signal
GcsFile discard SIGPIPE signal
GcsFile discard SIGPIPE signal
GcsFile discard SIGPIPE signal
GcsFile discard SIGPIPE signal
GcsFile discard SIGPIPE signal
GcsFile discard SIGPIPE signal
GcsFile discard SIGPIPE signal
GcsFile discard SIGPIPE signal
GcsFile discard SIGPIPE signal
GcsFile discard SIGPIPE signal
GcsFile discard SIGPIPE signal
GcsFile discard SIGPIPE signal
GcsFile discard SIGPIPE signal
GcsFile discard SIGPIPE signal
GcsFile discard SIGPIPE signal
GcsFile discard SIGPIPE signal
GcsFile discard SIGPIPE signal
GcsFile discard SIGPIPE signal
GcsFile discard SIGPIPE signal
GcsFile discard SIGPIPE signal
GcsFile discard SIGPIPE signal
GcsFile discard SIGPIPE signal
GcsFile discard SIGPIPE signal
GcsFile discard SIGPIPE signal
GcsFile discard SIGPIPE signal
GcsFile discard SIGPIPE signal
GcsFile discard SIGPIPE signal
GcsFile discard SIGPIPE signal
GcsFile discard SIGPIPE signal
GcsFile discard SIGPIPE signal
GcsFile discard SIGPIPE signal
GcsFile discard SIGPIPE signal
GcsFile discard SIGPIPE signal
GcsFile discard SIGPIPE signal
GcsFile discard SIGPIPE signal
GcsFile discard SIGPIPE signal
GcsFile discard SIGPIPE signal
GcsFile discard SIGPIPE signal
GcsFile discard SIGPIPE signal
GcsFile discard SIGPIPE signal
GcsFile discard SIGPIPE signal
GcsFile discard SIGPIPE signal
GcsFile discard SIGPIPE signal
GcsFile discard SIGPIPE signal
GcsFile discard SIGPIPE signal
GcsFile discard SIGPIPE signal
GcsFile discard SIGPIPE signal
GcsFile discard SIGPIPE signal
GcsFile discard SIGPIPE signal
GcsFile discard SIGPIPE signal
GcsFile discard SIGPIPE signal
GcsFile discard SIGPIPE signal
GcsFile discard SIGPIPE signal
GcsFile discard SIGPIPE signal
GcsFile discard SIGPIPE signal
GcsFile discard SIGPIPE signal
GcsFile discard SIGPIPE signal
GcsFile discard SIGPIPE signal
GcsFile discard SIGPIPE signal
GcsFile discard SIGPIPE signal
GcsFile discard SIGPIPE signal
GcsFile discard SIGPIPE signal
GcsFile discard SIGPIPE signal
GcsFile discard SIGPIPE signal
GcsFile discard SIGPIPE signal
GcsFile discard SIGPIPE signal
GcsFile discard SIGPIPE signal
GcsFile discard SIGPIPE signal
GcsFile discard SIGPIPE signal
GcsFile discard SIGPIPE signal
GcsFile discard SIGPIPE signal
GcsFile discard SIGPIPE signal
GcsFile discard SIGPIPE signal
GcsFile discard SIGPIPE signal
GcsFile discard SIGPIPE signal
GcsFile discard SIGPIPE signal
GcsFile discard SIGPIPE signal
GcsFile discard SIGPIPE signal
GcsFile discard SIGPIPE signal
GcsFile discard SIGPIPE signal
GcsFile discard SIGPIPE signal
GcsFile discard SIGPIPE signal
GcsFile discard SIGPIPE signal
GcsFile discard SIGPIPE signal
GcsFile discard SIGPIPE signal
GcsFile discard SIGPIPE signal
GcsFile discard SIGPIPE signal
GcsFile discard SIGPIPE signal
GcsFile discard SIGPIPE signal
GcsFile discard SIGPIPE signal
GcsFile discard SIGPIPE signal
GcsFile discard SIGPIPE signal
GcsFile discard SIGPIPE signal
GcsFile discard SIGPIPE signal
GcsFile discard SIGPIPE signal
GcsFile discard SIGPIPE signal
GcsFile discard SIGPIPE signal
GcsFile discard SIGPIPE signal
GcsFile discard SIGPIPE signal
GcsFile discard SIGPIPE signal
GcsFile discard SIGPIPE signal
GcsFile discard SIGPIPE signal
GcsFile discard SIGPIPE signal
GcsFile discard SIGPIPE signal
GcsFile discard SIGPIPE signal
GcsFile discard SIGPIPE signal
