Command:
--------

_ommain nci_server.so 15 

[mpiexec@c2p000024958] HYD_sock_write (../../../../../src/pm/i_hydra/libhydra/sock/hydra_sock_intel.c:360): write error (Bad file descriptor)
[mpiexec@c2p000024958] cmd_bcast_root (../../../../../src/pm/i_hydra/mpiexec/mpiexec.c:171): error sending cmd 15 to proxy
[mpiexec@c2p000024958] send_abort_rank_downstream (../../../../../src/pm/i_hydra/mpiexec/intel/i_mpiexec.c:551): unable to send response downstream
[mpiexec@c2p000024958] control_cb (../../../../../src/pm/i_hydra/mpiexec/mpiexec.c:1627): unable to send abort rank to downstreams
[mpiexec@c2p000024958] HYDI_dmx_poll_wait_for_event (../../../../../src/pm/i_hydra/libhydra/demux/hydra_demux_poll.c:80): callback returned error status
[mpiexec@c2p000024958] main (../../../../../src/pm/i_hydra/mpiexec/mpiexec.c:2037): error waiting for event
Abort(14) on node 0 (rank 0 in comm 480): application called MPI_Abort(comm=0x84000005, 14) - process 0
Abort(14) on node 1 (rank 2 in comm 480): application called MPI_Abort(comm=0x84000005, 14) - process 2
Abort(14) on node 3 (rank 4 in comm 480): application called MPI_Abort(comm=0x84000005, 14) - process 4
Abort(14) on node 30 (rank 31 in comm 480): application called MPI_Abort(comm=0x84000005, 14) - process 31
Abort(14) on node 31 (rank 32 in comm 480): application called MPI_Abort(comm=0x84000005, 14) - process 32
Abort(14) on node 4 (rank 5 in comm 480): application called MPI_Abort(comm=0x84000005, 14) - process 5
Abort(14) on node 10 (rank 11 in comm 480): application called MPI_Abort(comm=0x84000005, 14) - process 11
Abort(14) on node 29 (rank 30 in comm 480): application called MPI_Abort(comm=0x84000005, 14) - process 30
Abort(14) on node 28 (rank 29 in comm 480): application called MPI_Abort(comm=0x84000005, 14) - process 29
Abort(14) on node 12 (rank 13 in comm 480): application called MPI_Abort(comm=0x84000005, 14) - process 13
Abort(14) on node 8 (rank 9 in comm 480): application called MPI_Abort(comm=0x84000005, 14) - process 9
Abort(14) on node 6 (rank 7 in comm 480): application called MPI_Abort(comm=0x84000005, 14) - process 7
Abort(14) on node 23 (rank 24 in comm 480): application called MPI_Abort(comm=0x84000005, 14) - process 24
Abort(14) on node 20 (rank 21 in comm 480): application called MPI_Abort(comm=0x84000005, 14) - process 21
Abort(14) on node 0 (rank 1 in comm 480): application called MPI_Abort(comm=0x84000005, 14) - process 1
Abort(11) on node 29 (rank 30 in comm 480): application called MPI_Abort(comm=0x84000005, 11) - process 30
Abort(14) on node 22 (rank 23 in comm 480): application called MPI_Abort(comm=0x84000005, 14) - process 23
Abort(14) on node 14 (rank 15 in comm 480): application called MPI_Abort(comm=0x84000005, 14) - process 15
Abort(11) on node 14 (rank 15 in comm 480): application called MPI_Abort(comm=0x84000005, 11) - process 15
Abort(14) on node 9 (rank 10 in comm 480): application called MPI_Abort(comm=0x84000005, 14) - process 10
Abort(14) on node 13 (rank 14 in comm 480): application called MPI_Abort(comm=0x84000005, 14) - process 14
Abort(14) on node 11 (rank 12 in comm 480): application called MPI_Abort(comm=0x84000005, 14) - process 12
Abort(14) on node 5 (rank 6 in comm 480): application called MPI_Abort(comm=0x84000005, 14) - process 6
Abort(14) on node 21 (rank 22 in comm 480): application called MPI_Abort(comm=0x84000005, 14) - process 22
Abort(14) on node 7 (rank 8 in comm 480): application called MPI_Abort(comm=0x84000005, 14) - process 8
Abort(14) on node 2 (rank 3 in comm 480): application called MPI_Abort(comm=0x84000005, 14) - process 3
Exception in thread "main" NCI server 12276 exited with status 14
java.lang.Error: NCI downcall request failed.
	at com.westerngeco.omega.jni.nci.NativeMain.nativeMain(Native Method)
	at com.westerngeco.omega.jni.nci.NativeMain.main(NativeMain.java:31)
Exception in thread "main" NCI server 12185 exited with status 14
java.lang.Error: NCI downcall request failed.
	at com.westerngeco.omega.jni.nci.NativeMain.nativeMain(Native Method)
	at com.westerngeco.omega.jni.nci.NativeMain.main(NativeMain.java:31)
Exception in thread "main" NCI server 12290 exited with status 14
java.lang.Error: NCI downcall request failed.
	at com.westerngeco.omega.jni.nci.NativeMain.nativeMain(Native Method)
	at com.westerngeco.omega.jni.nci.NativeMain.main(NativeMain.java:31)
Exception in thread "main" NCI server 12514 exited with status 14
java.lang.Error: NCI downcall request failed.
	at com.westerngeco.omega.jni.nci.NativeMain.nativeMain(Native Method)
	at com.westerngeco.omega.jni.nci.NativeMain.main(NativeMain.java:31)
Exception in thread "main" NCI server 12226 exited with status 14
java.lang.Error: NCI downcall request failed.
	at com.westerngeco.omega.jni.nci.NativeMain.nativeMain(Native Method)
	at com.westerngeco.omega.jni.nci.NativeMain.main(NativeMain.java:31)
Exception in thread "main" NCI server 12302 exited with status 14
java.lang.Error: NCI downcall request failed.
	at com.westerngeco.omega.jni.nci.NativeMain.nativeMain(Native Method)
	at com.westerngeco.omega.jni.nci.NativeMain.main(NativeMain.java:31)
Exception in thread "main" java.lang.Error: NCI downcall request failed.
NCI server 12881 exited with status 14
	at com.westerngeco.omega.jni.nci.NativeMain.nativeMain(Native Method)
	at com.westerngeco.omega.jni.nci.NativeMain.main(NativeMain.java:31)
